<?xml version="1.0" encoding="UTF-8" ?>
<testsuite tests="22" failures="0" name="com.brain.ccsb.RunnerTest" time="0.003" errors="0" skipped="0">
  <properties>
[...]
</properties>
  <testcase classname="Scenario: User should be able to log-in and Create variant" name="Given I am on Cengage Brain log-in screen" time="0.002"/>
  <testcase classname="Scenario: User should be able to log-in and Create variant" name="When Enter valid credential" time="0"/>
  <testcase classname="Scenario: User should be able to log-in and Create variant" name="And Click on login button" time="0"/>
  <testcase classname="Scenario: User should be able to log-in and Create variant" name="Then User is logged in successfully &quot;Instructor SSO - Instructor Resource Center&quot;" time="0"/>
  <testcase classname="Scenario: User should be able to log-in and Create variant" name="Then Select the product from drop down" time="0"/>
  <testcase classname="Scenario: User should be able to log-in and Create variant" name="Then Click on Create Course link" time="0"/>
  <testcase classname="Scenario: User should be able to log-in and Create variant" name="Then Select the Radio button for create new course" time="0"/>
  <testcase classname="Scenario: User should be able to log-in and Create variant" name="Then Enter all required details" time="0"/>
  <testcase classname="Scenario: User should be able to log-in and Create variant" name="Then Click on Create Course" time="0"/>
  <testcase classname="Scenario: User should be able to log-in and Create variant" name="Then User is logged in successfully &quot;Instructor SSO - Create Course Confirmation&quot;" time="0"/>
  <testcase classname="Scenario: User should be able to log-in and Create variant" name="Then Course key is generated and captured" time="0"/>
  <testcase classname="Scenario: User should be able to log-in and Create variant" name="Then Logout from Cengage Brain" time="0"/>
  <testcase classname="Scenario: User should be able to log-in and Create variant" name="Scenario: User should be able to log-in and Create variant" time="0.001"/>
  <testcase classname="Scenario: Login to OLR and Validate CGI" name="Given Login page of OLR" time="0"/>
  <testcase classname="Scenario: Login to OLR and Validate CGI" name="When Enter credentials as below" time="0"/>
  <testcase classname="Scenario: Login to OLR and Validate CGI" name="And Click on log-in button" time="0"/>
  <testcase classname="Scenario: Login to OLR and Validate CGI" name="Then User is logged in successfully" time="0"/>
  <testcase classname="Scenario: Login to OLR and Validate CGI" name="Then Navigate to Course frame" time="0"/>
  <testcase classname="Scenario: Login to OLR and Validate CGI" name="Then Enter the Course key" time="0"/>
  <testcase classname="Scenario: Login to OLR and Validate CGI" name="Then Grep the CGI" time="0"/>
  <testcase classname="Scenario: Login to OLR and Validate CGI" name="Then Write the CGI in Excel" time="0"/>
  <testcase classname="Scenario: Login to OLR and Validate CGI" name="Scenario: Login to OLR and Validate CGI" time="0"/>
</testsuite>